-------------------------------------
Beginning Export of all Source
myDatabaseNEWtry.accdb
VCS Version 3.4.23
Performing Full Export
16.01.2023 16:51:05
-------------------------------------
-------------------------------------
Exporting project...          
  myDatabaseNEWtry.accdb
[1]
-------------------------------------
Exporting vb project...       
  Database1
[1]
-------------------------------------
Exporting vbe references...   
  stdole
[3]
-------------------------------------
No vbe forms found in this database.
-------------------------------------
Exporting proj properties...  
  Current Project Properties (Access)
[2]
-------------------------------------
No saved specs found in this database.
-------------------------------------
Exporting db properties...    
  Database Properties (DAO)
[46]
-------------------------------------
No shared images found in this database.
-------------------------------------
Exporting themes...           
  Office Theme
[1]
-------------------------------------
No imex specs found in this database.
-------------------------------------
Exporting tables...           
  simple_testf
    Sanitized in 0,009 seconds.
  simple_testf (SQL)
  students
    Sanitized in 0,003 seconds.
  students (SQL)
  tbl_testf
    Sanitized in 0,003 seconds.
  tbl_testf (SQL)
  tbl_testf_columns
    Sanitized in 0,003 seconds.
  tbl_testf_columns (SQL)
  tbl_testf_rows
    Sanitized in 0,003 seconds.
  tbl_testf_rows (SQL)
  temp_testf
    Sanitized in 0,023 seconds.
  temp_testf (SQL)
[6]
-------------------------------------
No queries found in this database.
-------------------------------------
Exporting forms...            
  show_students
    Sanitized in 0,015 seconds.
  add_students
    Sanitized in 0,018 seconds.
  students
    Sanitized in 0,008 seconds.
  testf_show_rpt
    Sanitized in 0,004 seconds.
  Form2
    Sanitized in 0,007 seconds.
  show_student
    Sanitized in 0,008 seconds.
  Form1
    Sanitized in 0,003 seconds.
  testf_view
    Sanitized in 0,002 seconds.
  testf_view_simple
    Sanitized in 0,004 seconds.
  testhtml
    Sanitized in 0,004 seconds.
  edit_simple_testfBACKUP
    Sanitized in 0,020 seconds.
  add_simple_testf
    Sanitized in 0,010 seconds.
  menu_testf
    Sanitized in 0,015 seconds.
  show_all_testf
    Sanitized in 0,009 seconds.
  edit_simple_testf_paste
    Sanitized in 0,005 seconds.
  edit_simple_testf
    Sanitized in 0,068 seconds.
[16]
-------------------------------------
No macros found in this database.
-------------------------------------
Exporting reports...          
  Report2
    Sanitized in 0,008 seconds.
  students
    Sanitized in 0,009 seconds.
  show_students
    Sanitized in 0,015 seconds.
  testhtml
    Sanitized in 0,005 seconds.
  Copy Of rpt_testf
    Sanitized in 0,009 seconds.
  rpt_testf
    Sanitized in 0,058 seconds.
  test_tableauto
    Sanitized in 0,003 seconds.
[7]
-------------------------------------
No table data found in this database.
-------------------------------------
Exporting modules...          
  mod_Form_show_students
  TTable
  funcs
  Class1
  Module1
  simple_testf_data
  Module2
[7]
-------------------------------------
No table data macros found in this database.
-------------------------------------
No relations found in this database.
-------------------------------------
Exporting doc properties...   
  Database Documents
[3]
-------------------------------------
Exporting nav pane groups...  
  Groups
[1]
-------------------------------------
No hidden attributes found in this database.
-------------------------------------
Done. (4,61 seconds)

--------------------------------------------------
                PERFORMANCE REPORTS
--------------------------------------------------
Object Type                   Count     Seconds
--------------------------------------------------
Project                       1         0,01
VB Project                    1         0,01
VBE References                3         0,01
Proj Properties               2         0,00
DB Properties                 46        0,07
Themes                        1         0,01
Tables                        6         0,26
Forms                         16        3,24
Reports                       7         0,55
Modules                       7         0,14
Doc Properties                3         0,01
Nav Pane Groups               1         0,01
--------------------------------------------------
TOTALS:                       94        4,33
--------------------------------------------------

--------------------------------------------------
Operations                    Count     Seconds
--------------------------------------------------
Read File                     67        0,06
Parse JSON                    15        0,02
Convert to JSON               1054      0,23
Compute SHA256                89        0,01
Console Updates               3         0,17
Compare Dictionary            13        0,00
Get Modified Date             39        0,01
Get File Property Hash        39        0,01
Verify Path                   73        0,01
Create Folder                 1         0,00
Export Theme                  1         0,00
Clear Orphaned                4         0,04
App.ExportXML()               6         0,10
Read File Bytes               52        0,64
Sanitize XML                  6         0,03
Format XML                    6         0,01
Write File                    36        0,04
Save Table SQL                6         0,01
App.SaveAsText()              23        0,28
Read File DevMode             23        0,05
Delete File                   30        0,02
Sanitize File                 23        0,29
Get VBA Hash                  30        0,01
Increment Progress            2         0,08
Export VBE Module             7         0,03
Enc. Windows-1252 as utf-8    7         0,09
--------------------------------------------------
Other Operations                        2,40
--------------------------------------------------


