-------------------------------------
Beginning Build from Source
myDatabaseNEWtry.accdb
VCS Version 3.4.23
16.01.2023 17:32:27
-------------------------------------
Saving backup of original database...
Saved as myDatabaseNEWtry_VCSBackup2.accdb.
Created blank database for import. (v12)
Removing non built-in references...
  Removed DAO
  Removed stdole
-------------------------------------
-------------------------------------
Importing project...          
  project.json
[1]
-------------------------------------
Importing vb project...       
  vbe-project.json
[1]
-------------------------------------
Importing vbe references...   
  vbe-references.json
[1]
-------------------------------------
No vbe forms source files found.
-------------------------------------
Importing proj properties...  
  proj-properties.json
[1]
-------------------------------------
No saved specs source files found.
-------------------------------------
Importing db properties...    
  dbs-properties.json
[1]
-------------------------------------
No shared images source files found.
-------------------------------------
Importing themes...           
  Office Theme.thmx
[1]
-------------------------------------
No imex specs source files found.
-------------------------------------
Importing tables...           
  simple_testf.xml
  students.xml
  tbl_testf.xml
  tbl_testf_columns.xml
  tbl_testf_rows.xml
  temp_testf.xml
[6]
-------------------------------------
No queries source files found.
-------------------------------------
Importing forms...            
  add_simple_testf.bas
  add_students.bas
  edit_simple_testf.bas
  edit_simple_testfBACKUP.bas
  edit_simple_testf_paste.bas
  Form1.bas
  Form2.bas
  menu_testf.bas
  show_all_testf.bas
  show_student.bas
  show_students.bas
  students.bas
  testf_show_rpt.bas
  testf_view.bas
  testf_view_simple.bas
  testhtml.bas
[16]
-------------------------------------
No macros source files found.
-------------------------------------
Importing reports...          
  Copy Of rpt_testf.bas
  Report2.bas
  rpt_testf.bas
  show_students.bas
  students.bas
  testhtml.bas
  test_tableauto.bas
[7]
-------------------------------------
No table data source files found.
-------------------------------------
Importing modules...          
  funcs.bas
  Module1.bas
  Module2.bas
  mod_Form_show_students.bas
  Class1.cls
  simple_testf_data.cls
  TTable.cls
[7]
-------------------------------------
No table data macros source files found.
-------------------------------------
No relations source files found.
-------------------------------------
Importing doc properties...   
  documents.json
[1]
-------------------------------------
Importing nav pane groups...  
  nav-pane-groups.json
[1]
-------------------------------------
No hidden attributes source files found.
Initializing forms...
-------------------------------------
Done. (10,4 seconds)

--------------------------------------------------
                PERFORMANCE REPORTS
--------------------------------------------------
Object Type                   Count     Seconds
--------------------------------------------------
Project                       1         0,01
VB Project                    1         0,01
VBE References                1         0,01
Proj Properties               1         0,00
DB Properties                 1         0,03
Themes                        1         0,08
Tables                        6         0,25
Forms                         16        5,53
Reports                       7         1,41
Modules                       7         0,36
Doc Properties                1         0,00
Nav Pane Groups               1         0,01
--------------------------------------------------
TOTALS:                       44        7,70
--------------------------------------------------

--------------------------------------------------
Operations                    Count     Seconds
--------------------------------------------------
Console Updates               6         0,28
Create new database           1         0,45
Read File                     30        0,01
Parse JSON                    16        0,02
Clear References              1         0,05
Convert to JSON               23        0,01
Compute SHA256                80        0,01
Get Modified Date             55        0,02
Get File Property Hash        55        0,02
Add GUID References           3         0,00
Create MSysResources Table    1         0,02
Write Binary File             1         0,00
Verify Path                   61        0,01
Delete File                   62        0,03
App.SaveAsText()              1         0,00
Read File Bytes               24        0,22
Enc. utf-8 as utf-16          23        0,04
App.LoadFromText()            23        2,81
Get VBA Hash                  30        0,01
Write File                    14        0,02
Increment Progress            7         0,21
Parse VBA Module              7         0,00
Import VBE Module             7         0,11
Initialize Forms              16        1,56
--------------------------------------------------
Other Operations                        4,51
--------------------------------------------------


